This file contains any messages produced by compilers while
running configure, to aid debugging if configure makes a mistake.

It was created by configure, which was
generated by GNU Autoconf 2.53.  Invocation command line was

  $ ./configure 

## --------- ##
## Platform. ##
## --------- ##

hostname = ggbiii.ch
uname -m = i686
uname -r = 2.6.26.8-57.fc8
uname -s = Linux
uname -v = #1 SMP Thu Dec 18 18:50:02 EST 2008

/usr/bin/uname -p = unknown
/bin/uname -X     = unknown

/bin/arch              = i686
/usr/bin/arch -k       = unknown
/usr/convex/getsysinfo = unknown
hostinfo               = unknown
/bin/machine           = unknown
/usr/bin/oslevel       = unknown
/bin/universe          = unknown

PATH: /home/ulysses/bin
PATH: /usr/lib/jvm/java-1.5.0-sun-1.5.0.14//bin
PATH: /home/ulysses/bin
PATH: /usr/lib/jvm/java-1.5.0-sun-1.5.0.14//bin
PATH: /usr/lib/qt-3.3/bin
PATH: /usr/kerberos/bin
PATH: /usr/local/bin
PATH: /usr/bin
PATH: /bin
PATH: /usr/bin
PATH: /usr/games
PATH: /usr/local/Adobe/Acrobat7.0/bin
PATH: /opt/kde3/bin
PATH: /opt/sniff-3.2/bin
PATH: /usr/java/j2sdk1.4.2_08/bin
PATH: /home/ulysses/bin
PATH: /usr/local/Adobe/Acrobat7.0/bin
PATH: /opt/kde3/bin
PATH: /opt/sniff-3.2/bin
PATH: /usr/java/j2sdk1.4.2_08/bin


## ----------- ##
## Core tests. ##
## ----------- ##

configure:1210: checking for gcc
configure:1226: found /usr/bin/gcc
configure:1236: result: gcc
configure:1480: checking for C compiler version
configure:1483: gcc --version </dev/null >&5
gcc (GCC) 4.1.2 20070925 (Red Hat 4.1.2-33)
Copyright (C) 2006 Free Software Foundation, Inc.
This is free software; see the source for copying conditions.  There is NO
warranty; not even for MERCHANTABILITY or FITNESS FOR A PARTICULAR PURPOSE.

configure:1486: $? = 0
configure:1488: gcc -v </dev/null >&5
Using built-in specs.
Target: i386-redhat-linux
Configured with: ../configure --prefix=/usr --mandir=/usr/share/man --infodir=/usr/share/info --enable-shared --enable-threads=posix --enable-checking=release --with-system-zlib --enable-__cxa_atexit --disable-libunwind-exceptions --enable-languages=c,c++,objc,obj-c++,java,fortran,ada --enable-java-awt=gtk --disable-dssi --enable-plugin --with-java-home=/usr/lib/jvm/java-1.5.0-gcj-1.5.0.0/jre --enable-libgcj-multifile --enable-java-maintainer-mode --with-ecj-jar=/usr/share/java/eclipse-ecj.jar --with-cpu=generic --host=i386-redhat-linux
Thread model: posix
gcc version 4.1.2 20070925 (Red Hat 4.1.2-33)
configure:1491: $? = 0
configure:1493: gcc -V </dev/null >&5
gcc: '-V' option must have argument
configure:1496: $? = 1
configure:1522: checking for C compiler default output
configure:1525: gcc    conftest.c  >&5
configure:1528: $? = 0
configure:1561: result: a.out
configure:1566: checking whether the C compiler works
configure:1572: ./a.out
configure:1575: $? = 0
configure:1590: result: yes
configure:1597: checking whether we are cross compiling
configure:1599: result: no
configure:1602: checking for suffix of executables
configure:1604: gcc -o conftest    conftest.c  >&5
configure:1607: $? = 0
configure:1629: result: 
configure:1635: checking for suffix of object files
configure:1659: gcc -c   conftest.c >&5
configure:1662: $? = 0
configure:1681: result: o
configure:1685: checking whether we are using the GNU C compiler
configure:1712: gcc -c   conftest.c >&5
configure:1715: $? = 0
configure:1718: test -s conftest.o
configure:1721: $? = 0
configure:1733: result: yes
configure:1739: checking whether gcc accepts -g
configure:1763: gcc -c -g  conftest.c >&5
configure:1766: $? = 0
configure:1769: test -s conftest.o
configure:1772: $? = 0
configure:1782: result: yes
configure:1809: gcc -c -g -O2  conftest.c >&5
conftest.c:2: error: expected '=', ',', ';', 'asm' or '__attribute__' before 'me'
configure:1812: $? = 1
configure: failed program was:
#ifndef __cplusplus
  choke me
#endif
configure:1927: checking how to run the C preprocessor
configure:1953: gcc -E  conftest.c
configure:1959: $? = 0
configure:1986: gcc -E  conftest.c
configure:1982:28: error: ac_nonexistent.h: No such file or directory
configure:1992: $? = 1
configure: failed program was:
#line 1981 "configure"
#include "confdefs.h"
#include <ac_nonexistent.h>
configure:2029: result: gcc -E
configure:2044: gcc -E  conftest.c
configure:2050: $? = 0
configure:2077: gcc -E  conftest.c
configure:2073:28: error: ac_nonexistent.h: No such file or directory
configure:2083: $? = 1
configure: failed program was:
#line 2072 "configure"
#include "confdefs.h"
#include <ac_nonexistent.h>
configure:2174: checking for g++
configure:2190: found /usr/bin/g++
configure:2200: result: g++
configure:2216: checking for C++ compiler version
configure:2219: g++ --version </dev/null >&5
g++ (GCC) 4.1.2 20070925 (Red Hat 4.1.2-33)
Copyright (C) 2006 Free Software Foundation, Inc.
This is free software; see the source for copying conditions.  There is NO
warranty; not even for MERCHANTABILITY or FITNESS FOR A PARTICULAR PURPOSE.

configure:2222: $? = 0
configure:2224: g++ -v </dev/null >&5
Using built-in specs.
Target: i386-redhat-linux
Configured with: ../configure --prefix=/usr --mandir=/usr/share/man --infodir=/usr/share/info --enable-shared --enable-threads=posix --enable-checking=release --with-system-zlib --enable-__cxa_atexit --disable-libunwind-exceptions --enable-languages=c,c++,objc,obj-c++,java,fortran,ada --enable-java-awt=gtk --disable-dssi --enable-plugin --with-java-home=/usr/lib/jvm/java-1.5.0-gcj-1.5.0.0/jre --enable-libgcj-multifile --enable-java-maintainer-mode --with-ecj-jar=/usr/share/java/eclipse-ecj.jar --with-cpu=generic --host=i386-redhat-linux
Thread model: posix
gcc version 4.1.2 20070925 (Red Hat 4.1.2-33)
configure:2227: $? = 0
configure:2229: g++ -V </dev/null >&5
g++: '-V' option must have argument
configure:2232: $? = 1
configure:2235: checking whether we are using the GNU C++ compiler
configure:2262: g++ -c   conftest.cc >&5
configure:2265: $? = 0
configure:2268: test -s conftest.o
configure:2271: $? = 0
configure:2283: result: yes
configure:2289: checking whether g++ accepts -g
configure:2313: g++ -c -g  conftest.cc >&5
configure:2316: $? = 0
configure:2319: test -s conftest.o
configure:2322: $? = 0
configure:2332: result: yes
configure:2378: g++ -c -g -O2  conftest.cc >&5
configure:2381: $? = 0
configure:2384: test -s conftest.o
configure:2387: $? = 0
configure:2415: g++ -c -g -O2  conftest.cc >&5
configure: In function 'int main()':
configure:2407: error: 'exit' was not declared in this scope
configure:2418: $? = 1
configure: failed program was:
#line 2396 "configure"
#include "confdefs.h"

#ifdef F77_DUMMY_MAIN
#  ifdef __cplusplus
     extern "C"
#  endif
   int F77_DUMMY_MAIN() { return 1; }
#endif
int
main ()
{
exit (42);
  ;
  return 0;
}
configure:2378: g++ -c -g -O2  conftest.cc >&5
configure:2381: $? = 0
configure:2384: test -s conftest.o
configure:2387: $? = 0
configure:2415: g++ -c -g -O2  conftest.cc >&5
configure:2418: $? = 0
configure:2421: test -s conftest.o
configure:2424: $? = 0
configure:2451: checking how to run the C++ preprocessor
configure:2473: g++ -E  conftest.cc
configure:2479: $? = 0
configure:2506: g++ -E  conftest.cc
configure:2502:28: error: ac_nonexistent.h: No such file or directory
configure:2512: $? = 1
configure: failed program was:
#line 2501 "configure"
#include "confdefs.h"
#include <ac_nonexistent.h>
configure:2549: result: g++ -E
configure:2564: g++ -E  conftest.cc
configure:2570: $? = 0
configure:2597: g++ -E  conftest.cc
configure:2593:28: error: ac_nonexistent.h: No such file or directory
configure:2603: $? = 1
configure: failed program was:
#line 2592 "configure"
#include "confdefs.h"
#include <ac_nonexistent.h>
configure:2645: checking whether gcc needs -traditional
configure:2681: result: no
configure:2729: checking for ranlib
configure:2745: found /usr/bin/ranlib
configure:2756: result: ranlib
configure:2769: checking for ANSI C header files
configure:2783: gcc -E  conftest.c
configure:2789: $? = 0
configure:2876: gcc -o conftest -g -O2   conftest.c  >&5
configure: In function 'main':
configure:2867: warning: incompatible implicit declaration of built-in function 'exit'
configure:2879: $? = 0
configure:2881: ./conftest
configure:2884: $? = 0
configure:2898: result: yes
configure:2909: checking for gcc option to accept ANSI C
configure:2972: gcc  -c -g -O2  conftest.c >&5
configure:2975: $? = 0
configure:2978: test -s conftest.o
configure:2981: $? = 0
configure:2998: result: none needed
configure:3006: checking for an ANSI C-conforming const
configure:3076: gcc -c -g -O2  conftest.c >&5
configure:3079: $? = 0
configure:3082: test -s conftest.o
configure:3085: $? = 0
configure:3095: result: yes
configure:3107: checking for Intel processor(s)
configure:3120: result: yes
configure:3133: checking if processor supports MMX instructions
configure:3167: result: yes
configure:3291: creating ./config.status

## ---------------------- ##
## Running config.status. ##
## ---------------------- ##

This file was extended by config.status, which was
generated by GNU Autoconf 2.53.  Invocation command line was

  CONFIG_FILES    = 
  CONFIG_HEADERS  = 
  CONFIG_LINKS    = 
  CONFIG_COMMANDS = 
  $ ./config.status 

on ggbiii.ch

config.status:557: creating Makefile

## ---------------- ##
## Cache variables. ##
## ---------------- ##

ac_cv_c_compiler_gnu=yes
ac_cv_c_const=yes
ac_cv_cxx_compiler_gnu=yes
ac_cv_env_CC_set=
ac_cv_env_CC_value=
ac_cv_env_CFLAGS_set=
ac_cv_env_CFLAGS_value=
ac_cv_env_CPPFLAGS_set=
ac_cv_env_CPPFLAGS_value=
ac_cv_env_CPP_set=
ac_cv_env_CPP_value=
ac_cv_env_CXXCPP_set=
ac_cv_env_CXXCPP_value=
ac_cv_env_CXXFLAGS_set=
ac_cv_env_CXXFLAGS_value=
ac_cv_env_CXX_set=
ac_cv_env_CXX_value=
ac_cv_env_LDFLAGS_set=
ac_cv_env_LDFLAGS_value=
ac_cv_env_build_alias_set=
ac_cv_env_build_alias_value=
ac_cv_env_host_alias_set=
ac_cv_env_host_alias_value=
ac_cv_env_target_alias_set=
ac_cv_env_target_alias_value=
ac_cv_exeext=
ac_cv_flag_intelcpu=yes
ac_cv_flag_mmx=yes
ac_cv_header_stdc=yes
ac_cv_objext=o
ac_cv_prog_CPP='gcc -E'
ac_cv_prog_CXXCPP='g++ -E'
ac_cv_prog_ac_ct_CC=gcc
ac_cv_prog_ac_ct_CXX=g++
ac_cv_prog_ac_ct_RANLIB=ranlib
ac_cv_prog_cc_g=yes
ac_cv_prog_cc_stdc=
ac_cv_prog_cxx_g=yes
ac_cv_prog_gcc_traditional=no

## ----------- ##
## confdefs.h. ##
## ----------- ##

#define PACKAGE_NAME ""
#define PACKAGE_TARNAME ""
#define PACKAGE_VERSION ""
#define PACKAGE_STRING ""
#define PACKAGE_BUGREPORT ""
#ifdef __cplusplus
#include <stdlib.h>
#endif
#define STDC_HEADERS 1
#define HAVE_INTELCPU 1
#define HAVE_MMX 1

configure: exit 0
